Using TensorFlow backend.
/home/tfisher2/miniconda3/envs/keras_tf/lib/python3.7/site-packages/tensorflow/python/framework/dtypes.py:516: FutureWarning: Passing (type, 1) or '1type' as a synonym of type is deprecated; in a future version of numpy, it will be understood as (type, (1,)) / '(1,)type'.
  _np_qint8 = np.dtype([("qint8", np.int8, 1)])
/home/tfisher2/miniconda3/envs/keras_tf/lib/python3.7/site-packages/tensorflow/python/framework/dtypes.py:517: FutureWarning: Passing (type, 1) or '1type' as a synonym of type is deprecated; in a future version of numpy, it will be understood as (type, (1,)) / '(1,)type'.
  _np_quint8 = np.dtype([("quint8", np.uint8, 1)])
/home/tfisher2/miniconda3/envs/keras_tf/lib/python3.7/site-packages/tensorflow/python/framework/dtypes.py:518: FutureWarning: Passing (type, 1) or '1type' as a synonym of type is deprecated; in a future version of numpy, it will be understood as (type, (1,)) / '(1,)type'.
  _np_qint16 = np.dtype([("qint16", np.int16, 1)])
/home/tfisher2/miniconda3/envs/keras_tf/lib/python3.7/site-packages/tensorflow/python/framework/dtypes.py:519: FutureWarning: Passing (type, 1) or '1type' as a synonym of type is deprecated; in a future version of numpy, it will be understood as (type, (1,)) / '(1,)type'.
  _np_quint16 = np.dtype([("quint16", np.uint16, 1)])
/home/tfisher2/miniconda3/envs/keras_tf/lib/python3.7/site-packages/tensorflow/python/framework/dtypes.py:520: FutureWarning: Passing (type, 1) or '1type' as a synonym of type is deprecated; in a future version of numpy, it will be understood as (type, (1,)) / '(1,)type'.
  _np_qint32 = np.dtype([("qint32", np.int32, 1)])
/home/tfisher2/miniconda3/envs/keras_tf/lib/python3.7/site-packages/tensorflow/python/framework/dtypes.py:525: FutureWarning: Passing (type, 1) or '1type' as a synonym of type is deprecated; in a future version of numpy, it will be understood as (type, (1,)) / '(1,)type'.
  np_resource = np.dtype([("resource", np.ubyte, 1)])
/home/tfisher2/miniconda3/envs/keras_tf/lib/python3.7/site-packages/tensorboard/compat/tensorflow_stub/dtypes.py:541: FutureWarning: Passing (type, 1) or '1type' as a synonym of type is deprecated; in a future version of numpy, it will be understood as (type, (1,)) / '(1,)type'.
  _np_qint8 = np.dtype([("qint8", np.int8, 1)])
/home/tfisher2/miniconda3/envs/keras_tf/lib/python3.7/site-packages/tensorboard/compat/tensorflow_stub/dtypes.py:542: FutureWarning: Passing (type, 1) or '1type' as a synonym of type is deprecated; in a future version of numpy, it will be understood as (type, (1,)) / '(1,)type'.
  _np_quint8 = np.dtype([("quint8", np.uint8, 1)])
/home/tfisher2/miniconda3/envs/keras_tf/lib/python3.7/site-packages/tensorboard/compat/tensorflow_stub/dtypes.py:543: FutureWarning: Passing (type, 1) or '1type' as a synonym of type is deprecated; in a future version of numpy, it will be understood as (type, (1,)) / '(1,)type'.
  _np_qint16 = np.dtype([("qint16", np.int16, 1)])
/home/tfisher2/miniconda3/envs/keras_tf/lib/python3.7/site-packages/tensorboard/compat/tensorflow_stub/dtypes.py:544: FutureWarning: Passing (type, 1) or '1type' as a synonym of type is deprecated; in a future version of numpy, it will be understood as (type, (1,)) / '(1,)type'.
  _np_quint16 = np.dtype([("quint16", np.uint16, 1)])
/home/tfisher2/miniconda3/envs/keras_tf/lib/python3.7/site-packages/tensorboard/compat/tensorflow_stub/dtypes.py:545: FutureWarning: Passing (type, 1) or '1type' as a synonym of type is deprecated; in a future version of numpy, it will be understood as (type, (1,)) / '(1,)type'.
  _np_qint32 = np.dtype([("qint32", np.int32, 1)])
/home/tfisher2/miniconda3/envs/keras_tf/lib/python3.7/site-packages/tensorboard/compat/tensorflow_stub/dtypes.py:550: FutureWarning: Passing (type, 1) or '1type' as a synonym of type is deprecated; in a future version of numpy, it will be understood as (type, (1,)) / '(1,)type'.
  np_resource = np.dtype([("resource", np.ubyte, 1)])
WARNING:tensorflow:From /home/tfisher2/miniconda3/envs/keras_tf/lib/python3.7/site-packages/keras/backend/tensorflow_backend.py:74: The name tf.get_default_graph is deprecated. Please use tf.compat.v1.get_default_graph instead.

WARNING:tensorflow:From /home/tfisher2/miniconda3/envs/keras_tf/lib/python3.7/site-packages/keras/backend/tensorflow_backend.py:517: The name tf.placeholder is deprecated. Please use tf.compat.v1.placeholder instead.

WARNING:tensorflow:From /home/tfisher2/miniconda3/envs/keras_tf/lib/python3.7/site-packages/keras/backend/tensorflow_backend.py:4138: The name tf.random_uniform is deprecated. Please use tf.random.uniform instead.

OMP: Info #212: KMP_AFFINITY: decoding x2APIC ids.
OMP: Info #210: KMP_AFFINITY: Affinity capable, using global cpuid leaf 11 info
OMP: Info #154: KMP_AFFINITY: Initial OS proc set respected: 0-15
OMP: Info #156: KMP_AFFINITY: 16 available OS procs
OMP: Info #157: KMP_AFFINITY: Uniform topology
OMP: Info #179: KMP_AFFINITY: 2 packages x 8 cores/pkg x 1 threads/core (16 total cores)
OMP: Info #214: KMP_AFFINITY: OS proc to physical thread map:
OMP: Info #171: KMP_AFFINITY: OS proc 0 maps to package 0 core 0 
OMP: Info #171: KMP_AFFINITY: OS proc 1 maps to package 0 core 2 
OMP: Info #171: KMP_AFFINITY: OS proc 2 maps to package 0 core 3 
OMP: Info #171: KMP_AFFINITY: OS proc 3 maps to package 0 core 4 
OMP: Info #171: KMP_AFFINITY: OS proc 4 maps to package 0 core 8 
OMP: Info #171: KMP_AFFINITY: OS proc 5 maps to package 0 core 10 
OMP: Info #171: KMP_AFFINITY: OS proc 6 maps to package 0 core 11 
OMP: Info #171: KMP_AFFINITY: OS proc 7 maps to package 0 core 12 
OMP: Info #171: KMP_AFFINITY: OS proc 8 maps to package 1 core 0 
OMP: Info #171: KMP_AFFINITY: OS proc 9 maps to package 1 core 2 
OMP: Info #171: KMP_AFFINITY: OS proc 10 maps to package 1 core 3 
OMP: Info #171: KMP_AFFINITY: OS proc 11 maps to package 1 core 4 
OMP: Info #171: KMP_AFFINITY: OS proc 12 maps to package 1 core 8 
OMP: Info #171: KMP_AFFINITY: OS proc 13 maps to package 1 core 10 
OMP: Info #171: KMP_AFFINITY: OS proc 14 maps to package 1 core 11 
OMP: Info #171: KMP_AFFINITY: OS proc 15 maps to package 1 core 12 
OMP: Info #250: KMP_AFFINITY: pid 18689 tid 18689 thread 0 bound to OS proc set 0
OMP: Info #250: KMP_AFFINITY: pid 18689 tid 18703 thread 1 bound to OS proc set 8
OMP: Info #250: KMP_AFFINITY: pid 18689 tid 18704 thread 2 bound to OS proc set 1
OMP: Info #250: KMP_AFFINITY: pid 18689 tid 18706 thread 4 bound to OS proc set 2
OMP: Info #250: KMP_AFFINITY: pid 18689 tid 18705 thread 3 bound to OS proc set 9
OMP: Info #250: KMP_AFFINITY: pid 18689 tid 18707 thread 5 bound to OS proc set 10
OMP: Info #250: KMP_AFFINITY: pid 18689 tid 18708 thread 6 bound to OS proc set 3
OMP: Info #250: KMP_AFFINITY: pid 18689 tid 18709 thread 7 bound to OS proc set 11
OMP: Info #250: KMP_AFFINITY: pid 18689 tid 18710 thread 8 bound to OS proc set 4
OMP: Info #250: KMP_AFFINITY: pid 18689 tid 18711 thread 9 bound to OS proc set 12
OMP: Info #250: KMP_AFFINITY: pid 18689 tid 18712 thread 10 bound to OS proc set 5
OMP: Info #250: KMP_AFFINITY: pid 18689 tid 18713 thread 11 bound to OS proc set 13
OMP: Info #250: KMP_AFFINITY: pid 18689 tid 18714 thread 12 bound to OS proc set 6
OMP: Info #250: KMP_AFFINITY: pid 18689 tid 18715 thread 13 bound to OS proc set 14
OMP: Info #250: KMP_AFFINITY: pid 18689 tid 18716 thread 14 bound to OS proc set 7
OMP: Info #250: KMP_AFFINITY: pid 18689 tid 18717 thread 15 bound to OS proc set 15
WARNING:tensorflow:From /home/tfisher2/miniconda3/envs/keras_tf/lib/python3.7/site-packages/keras/optimizers.py:790: The name tf.train.Optimizer is deprecated. Please use tf.compat.v1.train.Optimizer instead.

WARNING:tensorflow:From /home/tfisher2/miniconda3/envs/keras_tf/lib/python3.7/site-packages/tensorflow/python/ops/math_grad.py:1250: add_dispatch_support.<locals>.wrapper (from tensorflow.python.ops.array_ops) is deprecated and will be removed in a future version.
Instructions for updating:
Use tf.where in 2.0, which has the same broadcast rule as np.where
WARNING:tensorflow:From /home/tfisher2/miniconda3/envs/keras_tf/lib/python3.7/site-packages/keras/backend/tensorflow_backend.py:986: The name tf.assign_add is deprecated. Please use tf.compat.v1.assign_add instead.

WARNING:tensorflow:From /home/tfisher2/miniconda3/envs/keras_tf/lib/python3.7/site-packages/keras/backend/tensorflow_backend.py:973: The name tf.assign is deprecated. Please use tf.compat.v1.assign instead.

OMP: Info #250: KMP_AFFINITY: pid 18689 tid 18724 thread 16 bound to OS proc set 0
OMP: Info #250: KMP_AFFINITY: pid 18689 tid 18728 thread 17 bound to OS proc set 8
OMP: Info #250: KMP_AFFINITY: pid 18689 tid 18729 thread 18 bound to OS proc set 1
OMP: Info #250: KMP_AFFINITY: pid 18689 tid 18731 thread 20 bound to OS proc set 2
OMP: Info #250: KMP_AFFINITY: pid 18689 tid 18730 thread 19 bound to OS proc set 9
2019-11-06 16:00:40.101121: I tensorflow/core/platform/cpu_feature_guard.cc:145] This TensorFlow binary is optimized with Intel(R) MKL-DNN to use the following CPU instructions in performance critical operations:  SSE4.1 SSE4.2 AVX AVX2 FMA
To enable them in non-MKL-DNN operations, rebuild TensorFlow with the appropriate compiler flags.
2019-11-06 16:00:40.111810: I tensorflow/core/platform/profile_utils/cpu_utils.cc:94] CPU Frequency: 3200225000 Hz
2019-11-06 16:00:40.111891: I tensorflow/compiler/xla/service/service.cc:168] XLA service 0x7f0de018c980 executing computations on platform Host. Devices:
2019-11-06 16:00:40.111902: I tensorflow/compiler/xla/service/service.cc:175]   StreamExecutor device (0): <undefined>, <undefined>
2019-11-06 16:00:40.111970: I tensorflow/core/common_runtime/process_util.cc:115] Creating new thread pool with default inter op setting: 2. Tune using inter_op_parallelism_threads for best performance.
2019-11-06 16:00:40.743403: W tensorflow/compiler/jit/mark_for_compilation_pass.cc:1412] (One-time warning): Not using XLA:CPU for cluster because envvar TF_XLA_FLAGS=--tf_xla_cpu_global_jit was not set.  If you want XLA:CPU, either set that envvar, or use experimental_jit_scope to enable XLA:CPU.  To confirm that XLA is active, pass --vmodule=xla_compilation_cache=1 (as a proper command-line flag, not via TF_XLA_FLAGS) or set the envvar XLA_FLAGS=--xla_hlo_profile.
OMP: Info #250: KMP_AFFINITY: pid 18689 tid 18739 thread 21 bound to OS proc set 10
OMP: Info #250: KMP_AFFINITY: pid 18689 tid 18738 thread 22 bound to OS proc set 3
OMP: Info #250: KMP_AFFINITY: pid 18689 tid 18745 thread 24 bound to OS proc set 4
OMP: Info #250: KMP_AFFINITY: pid 18689 tid 18744 thread 23 bound to OS proc set 11
OMP: Info #250: KMP_AFFINITY: pid 18689 tid 18747 thread 26 bound to OS proc set 5
OMP: Info #250: KMP_AFFINITY: pid 18689 tid 18746 thread 25 bound to OS proc set 12
OMP: Info #250: KMP_AFFINITY: pid 18689 tid 18748 thread 27 bound to OS proc set 13
OMP: Info #250: KMP_AFFINITY: pid 18689 tid 18749 thread 28 bound to OS proc set 6
OMP: Info #250: KMP_AFFINITY: pid 18689 tid 18751 thread 30 bound to OS proc set 7
OMP: Info #250: KMP_AFFINITY: pid 18689 tid 18750 thread 29 bound to OS proc set 14
OMP: Info #250: KMP_AFFINITY: pid 18689 tid 18752 thread 31 bound to OS proc set 15
OMP: Info #250: KMP_AFFINITY: pid 18689 tid 18753 thread 32 bound to OS proc set 0
OMP: Info #250: KMP_AFFINITY: pid 18689 tid 18754 thread 33 bound to OS proc set 8
OMP: Info #250: KMP_AFFINITY: pid 18689 tid 18755 thread 34 bound to OS proc set 1
OMP: Info #250: KMP_AFFINITY: pid 18689 tid 18756 thread 35 bound to OS proc set 9
OMP: Info #250: KMP_AFFINITY: pid 18689 tid 18757 thread 36 bound to OS proc set 2
OMP: Info #250: KMP_AFFINITY: pid 18689 tid 18758 thread 37 bound to OS proc set 10
__________________________________________________________________________________________
Layer (type)                            Output Shape                        Param #       
==========================================================================================
simple_rnn_1 (SimpleRNN)                (None, None, 64)                    4288          
__________________________________________________________________________________________
simple_rnn_2 (SimpleRNN)                (None, None, 64)                    8256          
__________________________________________________________________________________________
simple_rnn_3 (SimpleRNN)                (None, None, 64)                    8256          
__________________________________________________________________________________________
simple_rnn_4 (SimpleRNN)                (None, None, 64)                    8256          
__________________________________________________________________________________________
simple_rnn_5 (SimpleRNN)                (None, 1)                           66            
==========================================================================================
Total params: 29,122
Trainable params: 29,122
Non-trainable params: 0
__________________________________________________________________________________________
None
Epoch 1/200
 - 8s - loss: 2.0257 - mean_squared_error: 23.0928 - val_loss: 2.4012 - val_mean_squared_error: 47.6867
Epoch 2/200
 - 2s - loss: 2.5407 - mean_squared_error: 44.7523 - val_loss: 2.3883 - val_mean_squared_error: 47.4425
Epoch 3/200
 - 2s - loss: 3.2113 - mean_squared_error: 177.1741 - val_loss: 2.3747 - val_mean_squared_error: 47.1868
Epoch 4/200
 - 2s - loss: 2.1773 - mean_squared_error: 30.0832 - val_loss: 2.3607 - val_mean_squared_error: 46.9243
Epoch 5/200
 - 2s - loss: 2.2948 - mean_squared_error: 34.5721 - val_loss: 2.3458 - val_mean_squared_error: 46.6468
Epoch 6/200
 - 2s - loss: 2.0820 - mean_squared_error: 27.6281 - val_loss: 2.3312 - val_mean_squared_error: 46.3794
Epoch 7/200
 - 2s - loss: 1.9246 - mean_squared_error: 19.7642 - val_loss: 2.3162 - val_mean_squared_error: 46.1052
Epoch 8/200
 - 2s - loss: 2.2114 - mean_squared_error: 35.2116 - val_loss: 2.3012 - val_mean_squared_error: 45.8322
Epoch 9/200
 - 2s - loss: 2.5695 - mean_squared_error: 71.1887 - val_loss: 2.2862 - val_mean_squared_error: 45.5616
Epoch 10/200
 - 2s - loss: 2.1297 - mean_squared_error: 33.3741 - val_loss: 2.2711 - val_mean_squared_error: 45.2933
Epoch 11/200
 - 2s - loss: 2.3122 - mean_squared_error: 36.3778 - val_loss: 2.2560 - val_mean_squared_error: 45.0259
Epoch 12/200
 - 2s - loss: 1.9045 - mean_squared_error: 21.5374 - val_loss: 2.2409 - val_mean_squared_error: 44.7602
Epoch 13/200
 - 2s - loss: 1.8074 - mean_squared_error: 18.2171 - val_loss: 2.2257 - val_mean_squared_error: 44.4952
Epoch 14/200
 - 2s - loss: 2.1200 - mean_squared_error: 23.9133 - val_loss: 2.2104 - val_mean_squared_error: 44.2298
Epoch 15/200
 - 2s - loss: 1.7539 - mean_squared_error: 18.9264 - val_loss: 2.1953 - val_mean_squared_error: 43.9700
Epoch 16/200
 - 2s - loss: 1.7854 - mean_squared_error: 23.2398 - val_loss: 2.1804 - val_mean_squared_error: 43.7148
Epoch 17/200
 - 2s - loss: 2.1675 - mean_squared_error: 42.8684 - val_loss: 2.1655 - val_mean_squared_error: 43.4627
Epoch 18/200
 - 2s - loss: 1.7861 - mean_squared_error: 18.7649 - val_loss: 2.1506 - val_mean_squared_error: 43.2126
Epoch 19/200
 - 2s - loss: 2.1403 - mean_squared_error: 27.8923 - val_loss: 2.1357 - val_mean_squared_error: 42.9635
Epoch 20/200
 - 2s - loss: 1.7376 - mean_squared_error: 16.9822 - val_loss: 2.1208 - val_mean_squared_error: 42.7180
Epoch 21/200
 - 2s - loss: 2.4402 - mean_squared_error: 167.7900 - val_loss: 2.1061 - val_mean_squared_error: 42.4761
Epoch 22/200
 - 2s - loss: 1.8870 - mean_squared_error: 31.2673 - val_loss: 2.0917 - val_mean_squared_error: 42.2421
Epoch 23/200
 - 2s - loss: 2.2875 - mean_squared_error: 58.0771 - val_loss: 2.0772 - val_mean_squared_error: 42.0080
Epoch 24/200
 - 2s - loss: 2.2105 - mean_squared_error: 41.7325 - val_loss: 2.0627 - val_mean_squared_error: 41.7769
Epoch 25/200
 - 2s - loss: 2.4962 - mean_squared_error: 81.2702 - val_loss: 2.0484 - val_mean_squared_error: 41.5488
Epoch 26/200
 - 2s - loss: 1.8576 - mean_squared_error: 21.1055 - val_loss: 2.0341 - val_mean_squared_error: 41.3236
Epoch 27/200
 - 2s - loss: 2.2835 - mean_squared_error: 59.6282 - val_loss: 2.0197 - val_mean_squared_error: 41.0979
Epoch 28/200
 - 2s - loss: 2.6829 - mean_squared_error: 66.9451 - val_loss: 2.0053 - val_mean_squared_error: 40.8748
Epoch 29/200
 - 2s - loss: 2.0808 - mean_squared_error: 28.8426 - val_loss: 1.9912 - val_mean_squared_error: 40.6570
Epoch 30/200
 - 2s - loss: 2.0134 - mean_squared_error: 42.8233 - val_loss: 1.9773 - val_mean_squared_error: 40.4443
Epoch 31/200
 - 2s - loss: 2.1400 - mean_squared_error: 80.4449 - val_loss: 1.9633 - val_mean_squared_error: 40.2331
Epoch 32/200
 - 2s - loss: 1.9274 - mean_squared_error: 23.7515 - val_loss: 1.9495 - val_mean_squared_error: 40.0256
Epoch 33/200
 - 2s - loss: 2.1636 - mean_squared_error: 46.8195 - val_loss: 1.9357 - val_mean_squared_error: 39.8204
Epoch 34/200
 - 2s - loss: 1.7356 - mean_squared_error: 23.7604 - val_loss: 1.9221 - val_mean_squared_error: 39.6192
Epoch 35/200
 - 2s - loss: 2.3239 - mean_squared_error: 53.6198 - val_loss: 1.9086 - val_mean_squared_error: 39.4213
Epoch 36/200
 - 2s - loss: 1.6608 - mean_squared_error: 18.7854 - val_loss: 1.8952 - val_mean_squared_error: 39.2252
Epoch 37/200
 - 2s - loss: 1.6918 - mean_squared_error: 23.2044 - val_loss: 1.8816 - val_mean_squared_error: 39.0295
Epoch 38/200
 - 2s - loss: 1.7743 - mean_squared_error: 20.2541 - val_loss: 1.8682 - val_mean_squared_error: 38.8377
Epoch 39/200
 - 2s - loss: 2.1806 - mean_squared_error: 62.8840 - val_loss: 1.8549 - val_mean_squared_error: 38.6480
Epoch 40/200
 - 2s - loss: 1.7971 - mean_squared_error: 28.8104 - val_loss: 1.8416 - val_mean_squared_error: 38.4606
Epoch 41/200
 - 2s - loss: 2.1111 - mean_squared_error: 41.5964 - val_loss: 1.8283 - val_mean_squared_error: 38.2746
Epoch 42/200
 - 2s - loss: 1.8075 - mean_squared_error: 19.7034 - val_loss: 1.8151 - val_mean_squared_error: 38.0912
Epoch 43/200
 - 2s - loss: 1.4397 - mean_squared_error: 18.1160 - val_loss: 1.8021 - val_mean_squared_error: 37.9117
Epoch 44/200
 - 2s - loss: 2.3017 - mean_squared_error: 35.4956 - val_loss: 1.7892 - val_mean_squared_error: 37.7338
Epoch 45/200
 - 2s - loss: 2.9661 - mean_squared_error: 212.7410 - val_loss: 1.7762 - val_mean_squared_error: 37.5573
Epoch 46/200
 - 2s - loss: 1.5520 - mean_squared_error: 21.3256 - val_loss: 1.7634 - val_mean_squared_error: 37.3837
Epoch 47/200
 - 2s - loss: 2.0491 - mean_squared_error: 38.1562 - val_loss: 1.7506 - val_mean_squared_error: 37.2116
Epoch 48/200
 - 2s - loss: 1.7262 - mean_squared_error: 29.6734 - val_loss: 1.7379 - val_mean_squared_error: 37.0423
Epoch 49/200
 - 2s - loss: 2.0121 - mean_squared_error: 34.4839 - val_loss: 1.7253 - val_mean_squared_error: 36.8753
Epoch 50/200
 - 2s - loss: 2.0223 - mean_squared_error: 29.5936 - val_loss: 1.7127 - val_mean_squared_error: 36.7085
Epoch 51/200
 - 2s - loss: 1.6096 - mean_squared_error: 18.1645 - val_loss: 1.7001 - val_mean_squared_error: 36.5425
Epoch 52/200
 - 2s - loss: 1.2738 - mean_squared_error: 13.8435 - val_loss: 1.6877 - val_mean_squared_error: 36.3799
Epoch 53/200
 - 2s - loss: 1.8773 - mean_squared_error: 31.3053 - val_loss: 1.6754 - val_mean_squared_error: 36.2184
Epoch 54/200
 - 2s - loss: 1.3869 - mean_squared_error: 13.9331 - val_loss: 1.6633 - val_mean_squared_error: 36.0608
Epoch 55/200
 - 2s - loss: 1.6356 - mean_squared_error: 25.3123 - val_loss: 1.6513 - val_mean_squared_error: 35.9049
Epoch 56/200
 - 2s - loss: 1.6536 - mean_squared_error: 21.5926 - val_loss: 1.6394 - val_mean_squared_error: 35.7512
Epoch 57/200
 - 2s - loss: 1.3076 - mean_squared_error: 15.9418 - val_loss: 1.6277 - val_mean_squared_error: 35.5995
Epoch 58/200
 - 2s - loss: 1.1239 - mean_squared_error: 10.2358 - val_loss: 1.6161 - val_mean_squared_error: 35.4500
Epoch 59/200
 - 2s - loss: 1.4961 - mean_squared_error: 22.7927 - val_loss: 1.6045 - val_mean_squared_error: 35.3017
Epoch 60/200
 - 2s - loss: 1.2485 - mean_squared_error: 14.2935 - val_loss: 1.5932 - val_mean_squared_error: 35.1548
Epoch 61/200
 - 2s - loss: 1.5391 - mean_squared_error: 16.7488 - val_loss: 1.5820 - val_mean_squared_error: 35.0093
Epoch 62/200
 - 2s - loss: 1.8423 - mean_squared_error: 55.1537 - val_loss: 1.5710 - val_mean_squared_error: 34.8656
Epoch 63/200
 - 2s - loss: 1.2607 - mean_squared_error: 12.4988 - val_loss: 1.5601 - val_mean_squared_error: 34.7222
Epoch 64/200
 - 2s - loss: 1.2252 - mean_squared_error: 13.2826 - val_loss: 1.5494 - val_mean_squared_error: 34.5806
Epoch 65/200
 - 2s - loss: 1.6110 - mean_squared_error: 23.4567 - val_loss: 1.5388 - val_mean_squared_error: 34.4398
Epoch 66/200
 - 2s - loss: 1.5607 - mean_squared_error: 19.4271 - val_loss: 1.5284 - val_mean_squared_error: 34.3004
Epoch 67/200
 - 2s - loss: 1.3015 - mean_squared_error: 15.6724 - val_loss: 1.5182 - val_mean_squared_error: 34.1611
Epoch 68/200
 - 2s - loss: 0.9649 - mean_squared_error: 10.6705 - val_loss: 1.5082 - val_mean_squared_error: 34.0233
Epoch 69/200
 - 2s - loss: 1.3013 - mean_squared_error: 15.9283 - val_loss: 1.4983 - val_mean_squared_error: 33.8852
Epoch 70/200
 - 2s - loss: 1.3252 - mean_squared_error: 26.5319 - val_loss: 1.4886 - val_mean_squared_error: 33.7486
Epoch 71/200
 - 2s - loss: 1.5463 - mean_squared_error: 26.2261 - val_loss: 1.4791 - val_mean_squared_error: 33.6132
Epoch 72/200
 - 2s - loss: 1.3223 - mean_squared_error: 18.4991 - val_loss: 1.4699 - val_mean_squared_error: 33.4790
Epoch 73/200
 - 2s - loss: 1.2007 - mean_squared_error: 13.8828 - val_loss: 1.4610 - val_mean_squared_error: 33.3469
Epoch 74/200
 - 2s - loss: 1.9159 - mean_squared_error: 66.7693 - val_loss: 1.4523 - val_mean_squared_error: 33.2160
Epoch 75/200
 - 2s - loss: 1.4577 - mean_squared_error: 20.2213 - val_loss: 1.4438 - val_mean_squared_error: 33.0854
Epoch 76/200
 - 2s - loss: 1.1017 - mean_squared_error: 10.3171 - val_loss: 1.4354 - val_mean_squared_error: 32.9561
Epoch 77/200
 - 2s - loss: 1.4783 - mean_squared_error: 18.3570 - val_loss: 1.4273 - val_mean_squared_error: 32.8280
Epoch 78/200
 - 2s - loss: 1.6173 - mean_squared_error: 23.3831 - val_loss: 1.4194 - val_mean_squared_error: 32.6997
Epoch 79/200
 - 2s - loss: 1.5034 - mean_squared_error: 51.2054 - val_loss: 1.4116 - val_mean_squared_error: 32.5715
Epoch 80/200
 - 2s - loss: 1.7362 - mean_squared_error: 85.2794 - val_loss: 1.4040 - val_mean_squared_error: 32.4441
Epoch 81/200
 - 2s - loss: 1.5327 - mean_squared_error: 28.7954 - val_loss: 1.3966 - val_mean_squared_error: 32.3171
Epoch 82/200
 - 2s - loss: 1.7300 - mean_squared_error: 81.5873 - val_loss: 1.3894 - val_mean_squared_error: 32.1915
Epoch 83/200
 - 2s - loss: 0.9190 - mean_squared_error: 14.7866 - val_loss: 1.3823 - val_mean_squared_error: 32.0663
Epoch 84/200
 - 2s - loss: 1.2551 - mean_squared_error: 14.6344 - val_loss: 1.3757 - val_mean_squared_error: 31.9435
Epoch 85/200
 - 2s - loss: 1.3826 - mean_squared_error: 27.9841 - val_loss: 1.3693 - val_mean_squared_error: 31.8222
Epoch 86/200
 - 2s - loss: 1.3358 - mean_squared_error: 18.5811 - val_loss: 1.3631 - val_mean_squared_error: 31.7004
Epoch 87/200
 - 2s - loss: 1.1705 - mean_squared_error: 16.5054 - val_loss: 1.3572 - val_mean_squared_error: 31.5807
Epoch 88/200
 - 2s - loss: 1.1049 - mean_squared_error: 16.1982 - val_loss: 1.3513 - val_mean_squared_error: 31.4602
Epoch 89/200
 - 2s - loss: 2.0166 - mean_squared_error: 57.9832 - val_loss: 1.3455 - val_mean_squared_error: 31.3386
Epoch 90/200
 - 2s - loss: 1.1749 - mean_squared_error: 14.5504 - val_loss: 1.3397 - val_mean_squared_error: 31.2167
Epoch 91/200
 - 2s - loss: 1.3724 - mean_squared_error: 25.5426 - val_loss: 1.3341 - val_mean_squared_error: 31.0948
Epoch 92/200
 - 2s - loss: 1.2632 - mean_squared_error: 15.1503 - val_loss: 1.3287 - val_mean_squared_error: 30.9758
Epoch 93/200
 - 2s - loss: 1.2031 - mean_squared_error: 24.3036 - val_loss: 1.3236 - val_mean_squared_error: 30.8582
Epoch 94/200
 - 2s - loss: 0.9870 - mean_squared_error: 17.4996 - val_loss: 1.3182 - val_mean_squared_error: 30.7367
Epoch 95/200
 - 2s - loss: 0.8121 - mean_squared_error: 7.2588 - val_loss: 1.3130 - val_mean_squared_error: 30.6168
Epoch 96/200
 - 2s - loss: 1.6869 - mean_squared_error: 169.8012 - val_loss: 1.3085 - val_mean_squared_error: 30.5127
Epoch 97/200
 - 2s - loss: 1.3882 - mean_squared_error: 23.4463 - val_loss: 1.3041 - val_mean_squared_error: 30.4092
Epoch 98/200
 - 2s - loss: 1.9428 - mean_squared_error: 166.2268 - val_loss: 1.2998 - val_mean_squared_error: 30.3050
Epoch 99/200
 - 2s - loss: 1.1611 - mean_squared_error: 18.1808 - val_loss: 1.2956 - val_mean_squared_error: 30.1993
Epoch 100/200
 - 2s - loss: 1.5352 - mean_squared_error: 24.2107 - val_loss: 1.2912 - val_mean_squared_error: 30.0911
Epoch 101/200
 - 2s - loss: 0.9965 - mean_squared_error: 10.3961 - val_loss: 1.2870 - val_mean_squared_error: 29.9841
Epoch 102/200
 - 2s - loss: 0.9435 - mean_squared_error: 12.7148 - val_loss: 1.2827 - val_mean_squared_error: 29.8817
Epoch 103/200
 - 2s - loss: 0.7460 - mean_squared_error: 5.0344 - val_loss: 1.2783 - val_mean_squared_error: 29.7788
Epoch 104/200
 - 2s - loss: 1.4871 - mean_squared_error: 27.8467 - val_loss: 1.2740 - val_mean_squared_error: 29.6747
Epoch 105/200
 - 2s - loss: 1.0056 - mean_squared_error: 15.2433 - val_loss: 1.2696 - val_mean_squared_error: 29.5715
Epoch 106/200
 - 2s - loss: 1.0487 - mean_squared_error: 11.7360 - val_loss: 1.2653 - val_mean_squared_error: 29.4697
Epoch 107/200
 - 2s - loss: 0.8444 - mean_squared_error: 8.0623 - val_loss: 1.2611 - val_mean_squared_error: 29.3690
Epoch 108/200
 - 2s - loss: 0.9435 - mean_squared_error: 11.3530 - val_loss: 1.2570 - val_mean_squared_error: 29.2735
Epoch 109/200
 - 2s - loss: 1.4562 - mean_squared_error: 36.6724 - val_loss: 1.2527 - val_mean_squared_error: 29.1737
Epoch 110/200
 - 2s - loss: 2.0461 - mean_squared_error: 116.9858 - val_loss: 1.2484 - val_mean_squared_error: 29.0756
Epoch 111/200
 - 2s - loss: 0.7220 - mean_squared_error: 7.5699 - val_loss: 1.2443 - val_mean_squared_error: 28.9856
Epoch 112/200
 - 2s - loss: 1.0372 - mean_squared_error: 12.9831 - val_loss: 1.2406 - val_mean_squared_error: 28.9093
Epoch 113/200
 - 2s - loss: 1.2063 - mean_squared_error: 25.0032 - val_loss: 1.2369 - val_mean_squared_error: 28.8328
Epoch 114/200
 - 2s - loss: 1.2437 - mean_squared_error: 17.0007 - val_loss: 1.2334 - val_mean_squared_error: 28.7627
Epoch 115/200
 - 2s - loss: 0.8722 - mean_squared_error: 7.6055 - val_loss: 1.2299 - val_mean_squared_error: 28.6932
Epoch 116/200
 - 2s - loss: 0.8698 - mean_squared_error: 7.9661 - val_loss: 1.2266 - val_mean_squared_error: 28.6237
Epoch 117/200
 - 2s - loss: 1.1624 - mean_squared_error: 21.2172 - val_loss: 1.2234 - val_mean_squared_error: 28.5531
Epoch 118/200
 - 2s - loss: 0.9773 - mean_squared_error: 7.7791 - val_loss: 1.2201 - val_mean_squared_error: 28.4786
Epoch 119/200
 - 2s - loss: 1.3626 - mean_squared_error: 31.2326 - val_loss: 1.2169 - val_mean_squared_error: 28.4030
Epoch 120/200
 - 2s - loss: 1.6968 - mean_squared_error: 143.7505 - val_loss: 1.2138 - val_mean_squared_error: 28.3255
Epoch 121/200
 - 2s - loss: 1.9433 - mean_squared_error: 55.4982 - val_loss: 1.2107 - val_mean_squared_error: 28.2473
Epoch 122/200
 - 2s - loss: 1.9001 - mean_squared_error: 100.7371 - val_loss: 1.2076 - val_mean_squared_error: 28.1687
Epoch 123/200
 - 2s - loss: 2.6103 - mean_squared_error: 608.1630 - val_loss: 1.2045 - val_mean_squared_error: 28.0885
Epoch 124/200
 - 2s - loss: 1.3122 - mean_squared_error: 18.1946 - val_loss: 1.2015 - val_mean_squared_error: 28.0093
Epoch 125/200
 - 2s - loss: 0.9621 - mean_squared_error: 9.7954 - val_loss: 1.1983 - val_mean_squared_error: 27.9263
Epoch 126/200
 - 2s - loss: 1.1951 - mean_squared_error: 26.0361 - val_loss: 1.1953 - val_mean_squared_error: 27.8565
Epoch 127/200
 - 2s - loss: 1.1110 - mean_squared_error: 13.2231 - val_loss: 1.1921 - val_mean_squared_error: 27.7857
Epoch 128/200
 - 2s - loss: 1.2409 - mean_squared_error: 17.9886 - val_loss: 1.1889 - val_mean_squared_error: 27.7138
Epoch 129/200
 - 2s - loss: 0.8611 - mean_squared_error: 7.1617 - val_loss: 1.1859 - val_mean_squared_error: 27.6421
Epoch 130/200
 - 2s - loss: 0.9289 - mean_squared_error: 8.6839 - val_loss: 1.1831 - val_mean_squared_error: 27.5704
Epoch 131/200
 - 2s - loss: 1.0453 - mean_squared_error: 10.9822 - val_loss: 1.1802 - val_mean_squared_error: 27.4971
Epoch 132/200
 - 2s - loss: 1.1683 - mean_squared_error: 17.8532 - val_loss: 1.1775 - val_mean_squared_error: 27.4373
Epoch 133/200
 - 2s - loss: 1.0660 - mean_squared_error: 15.1715 - val_loss: 1.1747 - val_mean_squared_error: 27.3862
Epoch 134/200
 - 2s - loss: 0.7248 - mean_squared_error: 6.5765 - val_loss: 1.1719 - val_mean_squared_error: 27.3438
Epoch 135/200
 - 2s - loss: 1.3265 - mean_squared_error: 20.6750 - val_loss: 1.1693 - val_mean_squared_error: 27.2996
Epoch 136/200
 - 2s - loss: 1.3333 - mean_squared_error: 25.8947 - val_loss: 1.1669 - val_mean_squared_error: 27.2530
Epoch 137/200
 - 2s - loss: 1.1519 - mean_squared_error: 18.5068 - val_loss: 1.1646 - val_mean_squared_error: 27.2154
Epoch 138/200
 - 2s - loss: 0.8666 - mean_squared_error: 12.6976 - val_loss: 1.1623 - val_mean_squared_error: 27.1863
Epoch 139/200
 - 2s - loss: 1.4429 - mean_squared_error: 46.7198 - val_loss: 1.1602 - val_mean_squared_error: 27.1535
Epoch 140/200
 - 2s - loss: 1.0865 - mean_squared_error: 11.5433 - val_loss: 1.1581 - val_mean_squared_error: 27.1166
Epoch 141/200
 - 2s - loss: 0.8417 - mean_squared_error: 8.5088 - val_loss: 1.1561 - val_mean_squared_error: 27.0757
Epoch 142/200
 - 2s - loss: 1.3128 - mean_squared_error: 28.3214 - val_loss: 1.1543 - val_mean_squared_error: 27.0450
Epoch 143/200
 - 2s - loss: 0.8985 - mean_squared_error: 11.8387 - val_loss: 1.1523 - val_mean_squared_error: 27.0083
Epoch 144/200
 - 2s - loss: 1.5956 - mean_squared_error: 36.3642 - val_loss: 1.1504 - val_mean_squared_error: 26.9681
Epoch 145/200
 - 2s - loss: 1.0004 - mean_squared_error: 16.5887 - val_loss: 1.1484 - val_mean_squared_error: 26.9246
Epoch 146/200
 - 2s - loss: 1.0176 - mean_squared_error: 12.9873 - val_loss: 1.1465 - val_mean_squared_error: 26.8783
Epoch 147/200
 - 2s - loss: 0.8023 - mean_squared_error: 10.1064 - val_loss: 1.1446 - val_mean_squared_error: 26.8284
Epoch 148/200
 - 2s - loss: 1.1717 - mean_squared_error: 21.2472 - val_loss: 1.1429 - val_mean_squared_error: 26.7895
Epoch 149/200
 - 2s - loss: 0.8112 - mean_squared_error: 13.1673 - val_loss: 1.1410 - val_mean_squared_error: 26.7456
Epoch 150/200
 - 2s - loss: 1.0531 - mean_squared_error: 13.4093 - val_loss: 1.1391 - val_mean_squared_error: 26.6990
Epoch 151/200
 - 2s - loss: 1.0932 - mean_squared_error: 28.9959 - val_loss: 1.1372 - val_mean_squared_error: 26.6485
Epoch 152/200
 - 2s - loss: 0.6806 - mean_squared_error: 4.5897 - val_loss: 1.1355 - val_mean_squared_error: 26.6093
Epoch 153/200
 - 2s - loss: 0.9606 - mean_squared_error: 13.2307 - val_loss: 1.1338 - val_mean_squared_error: 26.5662
Epoch 154/200
 - 2s - loss: 0.8960 - mean_squared_error: 10.5939 - val_loss: 1.1322 - val_mean_squared_error: 26.5205
Epoch 155/200
 - 2s - loss: 1.4001 - mean_squared_error: 29.0196 - val_loss: 1.1305 - val_mean_squared_error: 26.4735
Epoch 156/200
 - 2s - loss: 1.6924 - mean_squared_error: 29.1162 - val_loss: 1.1290 - val_mean_squared_error: 26.4237
Epoch 157/200
 - 2s - loss: 0.7819 - mean_squared_error: 6.0863 - val_loss: 1.1274 - val_mean_squared_error: 26.3682
Epoch 158/200
 - 2s - loss: 1.1169 - mean_squared_error: 19.6851 - val_loss: 1.1259 - val_mean_squared_error: 26.3119
Epoch 159/200
 - 2s - loss: 0.8312 - mean_squared_error: 10.2393 - val_loss: 1.1244 - val_mean_squared_error: 26.2539
Epoch 160/200
 - 2s - loss: 0.9092 - mean_squared_error: 28.1659 - val_loss: 1.1229 - val_mean_squared_error: 26.2072
Epoch 161/200
 - 2s - loss: 1.0930 - mean_squared_error: 22.7756 - val_loss: 1.1215 - val_mean_squared_error: 26.1589
Epoch 162/200
 - 2s - loss: 1.3293 - mean_squared_error: 33.3913 - val_loss: 1.1198 - val_mean_squared_error: 26.1123
Epoch 163/200
 - 2s - loss: 0.9562 - mean_squared_error: 15.7192 - val_loss: 1.1182 - val_mean_squared_error: 26.0644
Epoch 164/200
 - 2s - loss: 0.7616 - mean_squared_error: 12.1333 - val_loss: 1.1166 - val_mean_squared_error: 26.0272
Epoch 165/200
 - 2s - loss: 1.2069 - mean_squared_error: 20.8754 - val_loss: 1.1151 - val_mean_squared_error: 25.9866
Epoch 166/200
 - 2s - loss: 1.1422 - mean_squared_error: 16.0302 - val_loss: 1.1138 - val_mean_squared_error: 25.9447
Epoch 167/200
 - 2s - loss: 1.1104 - mean_squared_error: 22.5491 - val_loss: 1.1122 - val_mean_squared_error: 25.8982
Epoch 168/200
 - 2s - loss: 1.2034 - mean_squared_error: 25.2186 - val_loss: 1.1104 - val_mean_squared_error: 25.8589
Epoch 169/200
 - 2s - loss: 1.2823 - mean_squared_error: 17.4643 - val_loss: 1.1087 - val_mean_squared_error: 25.8173
Epoch 170/200
 - 2s - loss: 0.9457 - mean_squared_error: 13.5923 - val_loss: 1.1071 - val_mean_squared_error: 25.7743
Epoch 171/200
 - 2s - loss: 1.1006 - mean_squared_error: 16.9662 - val_loss: 1.1053 - val_mean_squared_error: 25.7267
Epoch 172/200
 - 2s - loss: 0.9124 - mean_squared_error: 8.2998 - val_loss: 1.1034 - val_mean_squared_error: 25.6856
Epoch 173/200
 - 2s - loss: 1.8140 - mean_squared_error: 42.1621 - val_loss: 1.1015 - val_mean_squared_error: 25.6402
Epoch 174/200
 - 2s - loss: 1.1586 - mean_squared_error: 16.6540 - val_loss: 1.0997 - val_mean_squared_error: 25.5935
Epoch 175/200
 - 2s - loss: 1.7074 - mean_squared_error: 50.9958 - val_loss: 1.0977 - val_mean_squared_error: 25.5445
Epoch 176/200
 - 2s - loss: 1.3875 - mean_squared_error: 35.0820 - val_loss: 1.0955 - val_mean_squared_error: 25.5013
Epoch 177/200
 - 2s - loss: 1.9356 - mean_squared_error: 96.8788 - val_loss: 1.0935 - val_mean_squared_error: 25.4568
Epoch 178/200
 - 2s - loss: 1.2040 - mean_squared_error: 20.7878 - val_loss: 1.0916 - val_mean_squared_error: 25.4086
Epoch 179/200
 - 2s - loss: 0.9427 - mean_squared_error: 12.6213 - val_loss: 1.0899 - val_mean_squared_error: 25.3705
Epoch 180/200
 - 2s - loss: 0.8082 - mean_squared_error: 11.9324 - val_loss: 1.0881 - val_mean_squared_error: 25.3367
Epoch 181/200
 - 2s - loss: 1.7883 - mean_squared_error: 163.7090 - val_loss: 1.0864 - val_mean_squared_error: 25.3100
Epoch 182/200
 - 2s - loss: 0.6252 - mean_squared_error: 2.8533 - val_loss: 1.0848 - val_mean_squared_error: 25.2907
Epoch 183/200
 - 2s - loss: 1.0661 - mean_squared_error: 13.0812 - val_loss: 1.0832 - val_mean_squared_error: 25.2755
Epoch 184/200
 - 2s - loss: 1.1059 - mean_squared_error: 20.1650 - val_loss: 1.0816 - val_mean_squared_error: 25.2551
Epoch 185/200
 - 2s - loss: 1.1538 - mean_squared_error: 14.0029 - val_loss: 1.0802 - val_mean_squared_error: 25.2303
Epoch 186/200
 - 2s - loss: 1.1066 - mean_squared_error: 10.5524 - val_loss: 1.0789 - val_mean_squared_error: 25.2021
Epoch 187/200
 - 2s - loss: 1.1496 - mean_squared_error: 16.8594 - val_loss: 1.0777 - val_mean_squared_error: 25.1691
Epoch 188/200
 - 2s - loss: 1.4059 - mean_squared_error: 53.1329 - val_loss: 1.0763 - val_mean_squared_error: 25.1438
Epoch 189/200
 - 2s - loss: 1.0468 - mean_squared_error: 13.7275 - val_loss: 1.0751 - val_mean_squared_error: 25.1147
Epoch 190/200
 - 2s - loss: 0.9107 - mean_squared_error: 7.9842 - val_loss: 1.0739 - val_mean_squared_error: 25.0803
Epoch 191/200
 - 2s - loss: 1.3020 - mean_squared_error: 17.8055 - val_loss: 1.0727 - val_mean_squared_error: 25.0432
Epoch 192/200
 - 2s - loss: 1.7258 - mean_squared_error: 153.0849 - val_loss: 1.0716 - val_mean_squared_error: 25.0034
Epoch 193/200
 - 2s - loss: 1.2479 - mean_squared_error: 21.5226 - val_loss: 1.0706 - val_mean_squared_error: 24.9611
Epoch 194/200
 - 2s - loss: 0.8913 - mean_squared_error: 8.6038 - val_loss: 1.0695 - val_mean_squared_error: 24.9157
Epoch 195/200
 - 2s - loss: 0.8470 - mean_squared_error: 9.7481 - val_loss: 1.0684 - val_mean_squared_error: 24.8697
Epoch 196/200
 - 2s - loss: 0.8319 - mean_squared_error: 6.6358 - val_loss: 1.0672 - val_mean_squared_error: 24.8320
Epoch 197/200
 - 2s - loss: 0.6341 - mean_squared_error: 2.9242 - val_loss: 1.0660 - val_mean_squared_error: 24.8034
Epoch 198/200
 - 2s - loss: 0.7161 - mean_squared_error: 6.5814 - val_loss: 1.0647 - val_mean_squared_error: 24.7709
Epoch 199/200
 - 2s - loss: 0.7262 - mean_squared_error: 5.1412 - val_loss: 1.0635 - val_mean_squared_error: 24.7470
Epoch 200/200
 - 2s - loss: 1.1275 - mean_squared_error: 17.1004 - val_loss: 1.0624 - val_mean_squared_error: 24.7172
